<?xml version="1.0" encoding="UTF-8"?>
<coverage generated="1746482499494" clover="3.2.0">
  <project timestamp="1746482499494" name="All files">
    <metrics statements="20" coveredstatements="12" conditionals="9" coveredconditionals="5" methods="8" coveredmethods="4" elements="37" coveredelements="21" complexity="0" loc="20" ncloc="20" packages="5" files="5" classes="5"/>
    <package name="src">
      <metrics statements="13" coveredstatements="5" conditionals="7" coveredconditionals="3" methods="5" coveredmethods="1"/>
      <file name="App.js" path="C:\Users\robms\projects\cheaperFrontEnd\src\App.js">
        <metrics statements="13" coveredstatements="5" conditionals="7" coveredconditionals="3" methods="5" coveredmethods="1"/>
        <line num="6" count="4" type="stmt"/>
        <line num="7" count="4" type="stmt"/>
        <line num="8" count="4" type="stmt"/>
        <line num="10" count="4" type="stmt"/>
        <line num="11" count="0" type="stmt"/>
        <line num="12" count="0" type="stmt"/>
        <line num="15" count="0" type="stmt"/>
        <line num="17" count="0" type="stmt"/>
        <line num="23" count="0" type="stmt"/>
        <line num="24" count="0" type="stmt"/>
        <line num="28" count="4" type="stmt"/>
        <line num="45" count="0" type="stmt"/>
        <line num="59" count="0" type="stmt"/>
      </file>
    </package>
    <package name="src.background">
      <metrics statements="0" coveredstatements="0" conditionals="0" coveredconditionals="0" methods="0" coveredmethods="0"/>
      <file name="background.js" path="C:\Users\robms\projects\cheaperFrontEnd\src\background\background.js">
        <metrics statements="0" coveredstatements="0" conditionals="0" coveredconditionals="0" methods="0" coveredmethods="0"/>
      </file>
    </package>
    <package name="src.components">
      <metrics statements="7" coveredstatements="7" conditionals="2" coveredconditionals="2" methods="3" coveredmethods="3"/>
      <file name="SearchBar.js" path="C:\Users\robms\projects\cheaperFrontEnd\src\components\SearchBar.js">
        <metrics statements="7" coveredstatements="7" conditionals="2" coveredconditionals="2" methods="3" coveredmethods="3"/>
        <line num="4" count="9" type="stmt"/>
        <line num="6" count="9" type="stmt"/>
        <line num="7" count="2" type="stmt"/>
        <line num="8" count="2" type="cond" truecount="2" falsecount="0"/>
        <line num="9" count="1" type="stmt"/>
        <line num="13" count="9" type="stmt"/>
        <line num="21" count="1" type="stmt"/>
      </file>
    </package>
    <package name="src.content">
      <metrics statements="0" coveredstatements="0" conditionals="0" coveredconditionals="0" methods="0" coveredmethods="0"/>
      <file name="content.js" path="C:\Users\robms\projects\cheaperFrontEnd\src\content\content.js">
        <metrics statements="0" coveredstatements="0" conditionals="0" coveredconditionals="0" methods="0" coveredmethods="0"/>
      </file>
    </package>
    <package name="src.popup">
      <metrics statements="0" coveredstatements="0" conditionals="0" coveredconditionals="0" methods="0" coveredmethods="0"/>
      <file name="popup.js" path="C:\Users\robms\projects\cheaperFrontEnd\src\popup\popup.js">
        <metrics statements="0" coveredstatements="0" conditionals="0" coveredconditionals="0" methods="0" coveredmethods="0"/>
      </file>
    </package>
  </project>
</coverage>
