<?xml version="1.0" encoding="UTF-8"?>
<coverage generated="1746730522424" clover="3.2.0">
  <project timestamp="1746730522424" name="All files">
    <metrics statements="26" coveredstatements="26" conditionals="13" coveredconditionals="13" methods="9" coveredmethods="9" elements="48" coveredelements="48" complexity="0" loc="26" ncloc="26" packages="5" files="5" classes="5"/>
    <package name="src">
      <metrics statements="19" coveredstatements="19" conditionals="11" coveredconditionals="11" methods="6" coveredmethods="6"/>
      <file name="App.js" path="C:\Users\robms\projects\cheaperFrontEnd\src\App.js">
        <metrics statements="19" coveredstatements="19" conditionals="11" coveredconditionals="11" methods="6" coveredmethods="6"/>
        <line num="6" count="9" type="stmt"/>
        <line num="7" count="9" type="stmt"/>
        <line num="8" count="9" type="stmt"/>
        <line num="9" count="9" type="stmt"/>
        <line num="11" count="9" type="stmt"/>
        <line num="12" count="2" type="stmt"/>
        <line num="13" count="2" type="stmt"/>
        <line num="16" count="2" type="stmt"/>
        <line num="19" count="2" type="stmt"/>
        <line num="20" count="2" type="stmt"/>
        <line num="23" count="2" type="cond" truecount="2" falsecount="0"/>
        <line num="24" count="1" type="stmt"/>
        <line num="26" count="1" type="stmt"/>
        <line num="48" count="2" type="stmt"/>
        <line num="49" count="2" type="stmt"/>
        <line num="53" count="9" type="stmt"/>
        <line num="70" count="3" type="stmt"/>
        <line num="89" count="1" type="stmt"/>
        <line num="96" count="1" type="stmt"/>
      </file>
    </package>
    <package name="src.background">
      <metrics statements="0" coveredstatements="0" conditionals="0" coveredconditionals="0" methods="0" coveredmethods="0"/>
      <file name="background.js" path="C:\Users\robms\projects\cheaperFrontEnd\src\background\background.js">
        <metrics statements="0" coveredstatements="0" conditionals="0" coveredconditionals="0" methods="0" coveredmethods="0"/>
      </file>
    </package>
    <package name="src.components">
      <metrics statements="7" coveredstatements="7" conditionals="2" coveredconditionals="2" methods="3" coveredmethods="3"/>
      <file name="SearchBar.js" path="C:\Users\robms\projects\cheaperFrontEnd\src\components\SearchBar.js">
        <metrics statements="7" coveredstatements="7" conditionals="2" coveredconditionals="2" methods="3" coveredmethods="3"/>
        <line num="4" count="16" type="stmt"/>
        <line num="6" count="16" type="stmt"/>
        <line num="7" count="4" type="stmt"/>
        <line num="8" count="4" type="cond" truecount="2" falsecount="0"/>
        <line num="9" count="3" type="stmt"/>
        <line num="13" count="16" type="stmt"/>
        <line num="21" count="3" type="stmt"/>
      </file>
    </package>
    <package name="src.content">
      <metrics statements="0" coveredstatements="0" conditionals="0" coveredconditionals="0" methods="0" coveredmethods="0"/>
      <file name="content.js" path="C:\Users\robms\projects\cheaperFrontEnd\src\content\content.js">
        <metrics statements="0" coveredstatements="0" conditionals="0" coveredconditionals="0" methods="0" coveredmethods="0"/>
      </file>
    </package>
    <package name="src.popup">
      <metrics statements="0" coveredstatements="0" conditionals="0" coveredconditionals="0" methods="0" coveredmethods="0"/>
      <file name="popup.js" path="C:\Users\robms\projects\cheaperFrontEnd\src\popup\popup.js">
        <metrics statements="0" coveredstatements="0" conditionals="0" coveredconditionals="0" methods="0" coveredmethods="0"/>
      </file>
    </package>
  </project>
</coverage>
