TN:
SF:src\App.js
FN:5,App
FN:10,(anonymous_1)
FN:15,(anonymous_2)
FN:44,(anonymous_3)
FN:59,(anonymous_4)
FNF:5
FNH:1
FNDA:4,App
FNDA:0,(anonymous_1)
FNDA:0,(anonymous_2)
FNDA:0,(anonymous_3)
FNDA:0,(anonymous_4)
DA:6,4
DA:7,4
DA:8,4
DA:10,4
DA:11,0
DA:12,0
DA:15,0
DA:17,0
DA:23,0
DA:24,0
DA:28,4
DA:45,0
DA:59,0
LF:13
LH:5
BRDA:35,0,0,4
BRDA:35,0,1,0
BRDA:39,1,0,4
BRDA:39,1,1,4
BRDA:39,1,2,0
BRDA:43,2,0,0
BRDA:43,2,1,0
BRF:7
BRH:3
end_of_record
TN:
SF:src\background\background.js
FNF:0
FNH:0
LF:0
LH:0
BRF:0
BRH:0
end_of_record
TN:
SF:src\components\SearchBar.js
FN:3,SearchBar
FN:6,(anonymous_1)
FN:21,(anonymous_2)
FNF:3
FNH:3
FNDA:9,SearchBar
FNDA:2,(anonymous_1)
FNDA:1,(anonymous_2)
DA:4,9
DA:6,9
DA:7,2
DA:8,2
DA:9,1
DA:13,9
DA:21,1
LF:7
LH:7
BRDA:8,0,0,1
BRDA:8,0,1,1
BRF:2
BRH:2
end_of_record
TN:
SF:src\content\content.js
FNF:0
FNH:0
LF:0
LH:0
BRF:0
BRH:0
end_of_record
TN:
SF:src\popup\popup.js
FNF:0
FNH:0
LF:0
LH:0
BRF:0
BRH:0
end_of_record
