TN:
SF:src\App.js
FN:5,App
FN:11,(anonymous_1)
FN:19,(anonymous_2)
FN:69,(anonymous_3)
FN:89,(anonymous_4)
FN:96,(anonymous_5)
FNF:6
FNH:6
FNDA:9,App
FNDA:2,(anonymous_1)
FNDA:2,(anonymous_2)
FNDA:3,(anonymous_3)
FNDA:1,(anonymous_4)
FNDA:1,(anonymous_5)
DA:6,9
DA:7,9
DA:8,9
DA:9,9
DA:11,9
DA:12,2
DA:13,2
DA:16,2
DA:19,2
DA:20,2
DA:23,2
DA:24,1
DA:26,1
DA:48,2
DA:49,2
DA:53,9
DA:70,3
DA:89,1
DA:96,1
LF:19
LH:19
BRDA:23,0,0,1
BRDA:23,0,1,1
BRDA:60,1,0,9
BRDA:60,1,1,2
BRDA:64,2,0,9
BRDA:64,2,1,7
BRDA:64,2,2,2
BRDA:68,3,0,1
BRDA:68,3,1,1
BRDA:86,4,0,9
BRDA:86,4,1,1
BRF:11
BRH:11
end_of_record
TN:
SF:src\background\background.js
FN:3,(anonymous_0)
FN:5,(anonymous_1)
FNF:2
FNH:2
FNDA:2,(anonymous_0)
FNDA:2,(anonymous_1)
DA:3,3
DA:5,2
DA:7,2
LF:3
LH:3
BRF:0
BRH:0
end_of_record
TN:
SF:src\components\SearchBar.js
FN:3,SearchBar
FN:6,(anonymous_1)
FN:21,(anonymous_2)
FNF:3
FNH:3
FNDA:16,SearchBar
FNDA:4,(anonymous_1)
FNDA:3,(anonymous_2)
DA:4,16
DA:6,16
DA:7,4
DA:8,4
DA:9,3
DA:13,16
DA:21,3
LF:7
LH:7
BRDA:8,0,0,3
BRDA:8,0,1,1
BRF:2
BRH:2
end_of_record
TN:
SF:src\content\content.js
FNF:0
FNH:0
LF:0
LH:0
BRF:0
BRH:0
end_of_record
TN:
SF:src\popup\popup.js
FNF:0
FNH:0
LF:0
LH:0
BRF:0
BRH:0
end_of_record
